/!\ FAILSAFE /!\  Fri Nov 05 14:40:50 +0200 2010
  Status: 500 Internal Server Error
  no such file to load -- sqlite3
    /home/vlad/.rvm/rubies/ruby-1.8.7-p302/lib/ruby/site_ruby/1.8/rubygems/custom_require.rb:31:in `gem_original_require'
    /home/vlad/.rvm/rubies/ruby-1.8.7-p302/lib/ruby/site_ruby/1.8/rubygems/custom_require.rb:31:in `require'
    /home/vlad/.rvm/gems/ruby-1.8.7-p302@twitter/gems/activesupport-2.3.8/lib/active_support/dependencies.rb:156:in `require'
    /home/vlad/.rvm/gems/ruby-1.8.7-p302@twitter/gems/activesupport-2.3.8/lib/active_support/dependencies.rb:521:in `new_constants_in'
    /home/vlad/.rvm/gems/ruby-1.8.7-p302@twitter/gems/activesupport-2.3.8/lib/active_support/dependencies.rb:156:in `require'
    /home/vlad/.rvm/gems/ruby-1.8.7-p302@twitter/gems/activesupport-2.3.8/lib/active_support/core_ext/kernel/requires.rb:7:in `require_library_or_gem'
    /home/vlad/.rvm/gems/ruby-1.8.7-p302@twitter/gems/activesupport-2.3.8/lib/active_support/core_ext/kernel/reporting.rb:11:in `silence_warnings'
    /home/vlad/.rvm/gems/ruby-1.8.7-p302@twitter/gems/activesupport-2.3.8/lib/active_support/core_ext/kernel/requires.rb:5:in `require_library_or_gem'
    /home/vlad/.rvm/gems/ruby-1.8.7-p302@twitter/gems/activerecord-2.3.8/lib/active_record/connection_adapters/sqlite3_adapter.rb:10:in `sqlite3_connection'
    /home/vlad/.rvm/gems/ruby-1.8.7-p302@twitter/gems/activerecord-2.3.8/lib/active_record/connection_adapters/abstract/connection_pool.rb:223:in `send'
    /home/vlad/.rvm/gems/ruby-1.8.7-p302@twitter/gems/activerecord-2.3.8/lib/active_record/connection_adapters/abstract/connection_pool.rb:223:in `new_connection'
    /home/vlad/.rvm/gems/ruby-1.8.7-p302@twitter/gems/activerecord-2.3.8/lib/active_record/connection_adapters/abstract/connection_pool.rb:245:in `checkout_new_connection'
    /home/vlad/.rvm/gems/ruby-1.8.7-p302@twitter/gems/activerecord-2.3.8/lib/active_record/connection_adapters/abstract/connection_pool.rb:188:in `checkout'
    /home/vlad/.rvm/gems/ruby-1.8.7-p302@twitter/gems/activerecord-2.3.8/lib/active_record/connection_adapters/abstract/connection_pool.rb:184:in `loop'
    /home/vlad/.rvm/gems/ruby-1.8.7-p302@twitter/gems/activerecord-2.3.8/lib/active_record/connection_adapters/abstract/connection_pool.rb:184:in `checkout'
    /home/vlad/.rvm/rubies/ruby-1.8.7-p302/lib/ruby/1.8/monitor.rb:242:in `synchronize'
    /home/vlad/.rvm/gems/ruby-1.8.7-p302@twitter/gems/activerecord-2.3.8/lib/active_record/connection_adapters/abstract/connection_pool.rb:183:in `checkout'
    /home/vlad/.rvm/gems/ruby-1.8.7-p302@twitter/gems/activerecord-2.3.8/lib/active_record/connection_adapters/abstract/connection_pool.rb:98:in `connection'
    /home/vlad/.rvm/gems/ruby-1.8.7-p302@twitter/gems/activerecord-2.3.8/lib/active_record/connection_adapters/abstract/connection_pool.rb:326:in `retrieve_connection'
    /home/vlad/.rvm/gems/ruby-1.8.7-p302@twitter/gems/activerecord-2.3.8/lib/active_record/connection_adapters/abstract/connection_specification.rb:123:in `retrieve_connection'
    /home/vlad/.rvm/gems/ruby-1.8.7-p302@twitter/gems/activerecord-2.3.8/lib/active_record/connection_adapters/abstract/connection_specification.rb:115:in `connection'
    /home/vlad/.rvm/gems/ruby-1.8.7-p302@twitter/gems/activerecord-2.3.8/lib/active_record/query_cache.rb:9:in `cache'
    /home/vlad/.rvm/gems/ruby-1.8.7-p302@twitter/gems/activerecord-2.3.8/lib/active_record/query_cache.rb:28:in `call'
    /home/vlad/.rvm/gems/ruby-1.8.7-p302@twitter/gems/activerecord-2.3.8/lib/active_record/connection_adapters/abstract/connection_pool.rb:361:in `call'
    /home/vlad/.rvm/gems/ruby-1.8.7-p302@twitter/gems/actionpack-2.3.8/lib/action_controller/string_coercion.rb:25:in `call'
    /home/vlad/.rvm/gems/ruby-1.8.7-p302@twitter/gems/rack-1.1.0/lib/rack/head.rb:9:in `call'
    /home/vlad/.rvm/gems/ruby-1.8.7-p302@twitter/gems/rack-1.1.0/lib/rack/methodoverride.rb:24:in `call'
    /home/vlad/.rvm/gems/ruby-1.8.7-p302@twitter/gems/actionpack-2.3.8/lib/action_controller/params_parser.rb:15:in `call'
    /home/vlad/.rvm/gems/ruby-1.8.7-p302@twitter/gems/actionpack-2.3.8/lib/action_controller/session/cookie_store.rb:99:in `call'
    /home/vlad/.rvm/gems/ruby-1.8.7-p302@twitter/gems/actionpack-2.3.8/lib/action_controller/failsafe.rb:26:in `call'
    /home/vlad/.rvm/gems/ruby-1.8.7-p302@twitter/gems/rack-1.1.0/lib/rack/lock.rb:11:in `call'
    /home/vlad/.rvm/gems/ruby-1.8.7-p302@twitter/gems/rack-1.1.0/lib/rack/lock.rb:11:in `synchronize'
    /home/vlad/.rvm/gems/ruby-1.8.7-p302@twitter/gems/rack-1.1.0/lib/rack/lock.rb:11:in `call'
    /home/vlad/.rvm/gems/ruby-1.8.7-p302@twitter/gems/actionpack-2.3.8/lib/action_controller/dispatcher.rb:114:in `call'
    /home/vlad/.rvm/gems/ruby-1.8.7-p302@twitter/gems/actionpack-2.3.8/lib/action_controller/reloader.rb:34:in `run'
    /home/vlad/.rvm/gems/ruby-1.8.7-p302@twitter/gems/actionpack-2.3.8/lib/action_controller/dispatcher.rb:108:in `call'
    /home/vlad/.rvm/gems/ruby-1.8.7-p302@twitter/gems/rails-2.3.8/lib/rails/rack/static.rb:31:in `call'
    /home/vlad/.rvm/gems/ruby-1.8.7-p302@twitter/gems/rack-1.1.0/lib/rack/urlmap.rb:47:in `call'
    /home/vlad/.rvm/gems/ruby-1.8.7-p302@twitter/gems/rack-1.1.0/lib/rack/urlmap.rb:41:in `each'
    /home/vlad/.rvm/gems/ruby-1.8.7-p302@twitter/gems/rack-1.1.0/lib/rack/urlmap.rb:41:in `call'
    /home/vlad/.rvm/gems/ruby-1.8.7-p302@twitter/gems/rails-2.3.8/lib/rails/rack/log_tailer.rb:17:in `call'
    /home/vlad/.rvm/gems/ruby-1.8.7-p302@twitter/gems/rack-1.1.0/lib/rack/content_length.rb:13:in `call'
    /home/vlad/.rvm/gems/ruby-1.8.7-p302@twitter/gems/rack-1.1.0/lib/rack/handler/webrick.rb:48:in `service'
    /home/vlad/.rvm/rubies/ruby-1.8.7-p302/lib/ruby/1.8/webrick/httpserver.rb:104:in `service'
    /home/vlad/.rvm/rubies/ruby-1.8.7-p302/lib/ruby/1.8/webrick/httpserver.rb:65:in `run'
    /home/vlad/.rvm/rubies/ruby-1.8.7-p302/lib/ruby/1.8/webrick/server.rb:173:in `start_thread'
    /home/vlad/.rvm/rubies/ruby-1.8.7-p302/lib/ruby/1.8/webrick/server.rb:162:in `start'
    /home/vlad/.rvm/rubies/ruby-1.8.7-p302/lib/ruby/1.8/webrick/server.rb:162:in `start_thread'
    /home/vlad/.rvm/rubies/ruby-1.8.7-p302/lib/ruby/1.8/webrick/server.rb:95:in `start'
    /home/vlad/.rvm/rubies/ruby-1.8.7-p302/lib/ruby/1.8/webrick/server.rb:92:in `each'
    /home/vlad/.rvm/rubies/ruby-1.8.7-p302/lib/ruby/1.8/webrick/server.rb:92:in `start'
    /home/vlad/.rvm/rubies/ruby-1.8.7-p302/lib/ruby/1.8/webrick/server.rb:23:in `start'
    /home/vlad/.rvm/rubies/ruby-1.8.7-p302/lib/ruby/1.8/webrick/server.rb:82:in `start'
    /home/vlad/.rvm/gems/ruby-1.8.7-p302@twitter/gems/rack-1.1.0/lib/rack/handler/webrick.rb:14:in `run'
    /home/vlad/.rvm/gems/ruby-1.8.7-p302@twitter/gems/rails-2.3.8/lib/commands/server.rb:111
    /home/vlad/.rvm/rubies/ruby-1.8.7-p302/lib/ruby/site_ruby/1.8/rubygems/custom_require.rb:31:in `gem_original_require'
    /home/vlad/.rvm/rubies/ruby-1.8.7-p302/lib/ruby/site_ruby/1.8/rubygems/custom_require.rb:31:in `require'
    script/server:3
/!\ FAILSAFE /!\  Fri Nov 05 14:40:51 +0200 2010
  Status: 500 Internal Server Error
  no such file to load -- sqlite3
    /home/vlad/.rvm/rubies/ruby-1.8.7-p302/lib/ruby/site_ruby/1.8/rubygems/custom_require.rb:31:in `gem_original_require'
    /home/vlad/.rvm/rubies/ruby-1.8.7-p302/lib/ruby/site_ruby/1.8/rubygems/custom_require.rb:31:in `require'
    /home/vlad/.rvm/gems/ruby-1.8.7-p302@twitter/gems/activesupport-2.3.8/lib/active_support/dependencies.rb:156:in `require'
    /home/vlad/.rvm/gems/ruby-1.8.7-p302@twitter/gems/activesupport-2.3.8/lib/active_support/dependencies.rb:521:in `new_constants_in'
    /home/vlad/.rvm/gems/ruby-1.8.7-p302@twitter/gems/activesupport-2.3.8/lib/active_support/dependencies.rb:156:in `require'
    /home/vlad/.rvm/gems/ruby-1.8.7-p302@twitter/gems/activesupport-2.3.8/lib/active_support/core_ext/kernel/requires.rb:7:in `require_library_or_gem'
    /home/vlad/.rvm/gems/ruby-1.8.7-p302@twitter/gems/activesupport-2.3.8/lib/active_support/core_ext/kernel/reporting.rb:11:in `silence_warnings'
    /home/vlad/.rvm/gems/ruby-1.8.7-p302@twitter/gems/activesupport-2.3.8/lib/active_support/core_ext/kernel/requires.rb:5:in `require_library_or_gem'
    /home/vlad/.rvm/gems/ruby-1.8.7-p302@twitter/gems/activerecord-2.3.8/lib/active_record/connection_adapters/sqlite3_adapter.rb:10:in `sqlite3_connection'
    /home/vlad/.rvm/gems/ruby-1.8.7-p302@twitter/gems/activerecord-2.3.8/lib/active_record/connection_adapters/abstract/connection_pool.rb:223:in `send'
    /home/vlad/.rvm/gems/ruby-1.8.7-p302@twitter/gems/activerecord-2.3.8/lib/active_record/connection_adapters/abstract/connection_pool.rb:223:in `new_connection'
    /home/vlad/.rvm/gems/ruby-1.8.7-p302@twitter/gems/activerecord-2.3.8/lib/active_record/connection_adapters/abstract/connection_pool.rb:245:in `checkout_new_connection'
    /home/vlad/.rvm/gems/ruby-1.8.7-p302@twitter/gems/activerecord-2.3.8/lib/active_record/connection_adapters/abstract/connection_pool.rb:188:in `checkout'
    /home/vlad/.rvm/gems/ruby-1.8.7-p302@twitter/gems/activerecord-2.3.8/lib/active_record/connection_adapters/abstract/connection_pool.rb:184:in `loop'
    /home/vlad/.rvm/gems/ruby-1.8.7-p302@twitter/gems/activerecord-2.3.8/lib/active_record/connection_adapters/abstract/connection_pool.rb:184:in `checkout'
    /home/vlad/.rvm/rubies/ruby-1.8.7-p302/lib/ruby/1.8/monitor.rb:242:in `synchronize'
    /home/vlad/.rvm/gems/ruby-1.8.7-p302@twitter/gems/activerecord-2.3.8/lib/active_record/connection_adapters/abstract/connection_pool.rb:183:in `checkout'
    /home/vlad/.rvm/gems/ruby-1.8.7-p302@twitter/gems/activerecord-2.3.8/lib/active_record/connection_adapters/abstract/connection_pool.rb:98:in `connection'
    /home/vlad/.rvm/gems/ruby-1.8.7-p302@twitter/gems/activerecord-2.3.8/lib/active_record/connection_adapters/abstract/connection_pool.rb:326:in `retrieve_connection'
    /home/vlad/.rvm/gems/ruby-1.8.7-p302@twitter/gems/activerecord-2.3.8/lib/active_record/connection_adapters/abstract/connection_specification.rb:123:in `retrieve_connection'
    /home/vlad/.rvm/gems/ruby-1.8.7-p302@twitter/gems/activerecord-2.3.8/lib/active_record/connection_adapters/abstract/connection_specification.rb:115:in `connection'
    /home/vlad/.rvm/gems/ruby-1.8.7-p302@twitter/gems/activerecord-2.3.8/lib/active_record/query_cache.rb:9:in `cache'
    /home/vlad/.rvm/gems/ruby-1.8.7-p302@twitter/gems/activerecord-2.3.8/lib/active_record/query_cache.rb:28:in `call'
    /home/vlad/.rvm/gems/ruby-1.8.7-p302@twitter/gems/activerecord-2.3.8/lib/active_record/connection_adapters/abstract/connection_pool.rb:361:in `call'
    /home/vlad/.rvm/gems/ruby-1.8.7-p302@twitter/gems/actionpack-2.3.8/lib/action_controller/string_coercion.rb:25:in `call'
    /home/vlad/.rvm/gems/ruby-1.8.7-p302@twitter/gems/rack-1.1.0/lib/rack/head.rb:9:in `call'
    /home/vlad/.rvm/gems/ruby-1.8.7-p302@twitter/gems/rack-1.1.0/lib/rack/methodoverride.rb:24:in `call'
    /home/vlad/.rvm/gems/ruby-1.8.7-p302@twitter/gems/actionpack-2.3.8/lib/action_controller/params_parser.rb:15:in `call'
    /home/vlad/.rvm/gems/ruby-1.8.7-p302@twitter/gems/actionpack-2.3.8/lib/action_controller/session/cookie_store.rb:99:in `call'
    /home/vlad/.rvm/gems/ruby-1.8.7-p302@twitter/gems/actionpack-2.3.8/lib/action_controller/failsafe.rb:26:in `call'
    /home/vlad/.rvm/gems/ruby-1.8.7-p302@twitter/gems/rack-1.1.0/lib/rack/lock.rb:11:in `call'
    /home/vlad/.rvm/gems/ruby-1.8.7-p302@twitter/gems/rack-1.1.0/lib/rack/lock.rb:11:in `synchronize'
    /home/vlad/.rvm/gems/ruby-1.8.7-p302@twitter/gems/rack-1.1.0/lib/rack/lock.rb:11:in `call'
    /home/vlad/.rvm/gems/ruby-1.8.7-p302@twitter/gems/actionpack-2.3.8/lib/action_controller/dispatcher.rb:114:in `call'
    /home/vlad/.rvm/gems/ruby-1.8.7-p302@twitter/gems/actionpack-2.3.8/lib/action_controller/reloader.rb:34:in `run'
    /home/vlad/.rvm/gems/ruby-1.8.7-p302@twitter/gems/actionpack-2.3.8/lib/action_controller/dispatcher.rb:108:in `call'
    /home/vlad/.rvm/gems/ruby-1.8.7-p302@twitter/gems/rails-2.3.8/lib/rails/rack/static.rb:31:in `call'
    /home/vlad/.rvm/gems/ruby-1.8.7-p302@twitter/gems/rack-1.1.0/lib/rack/urlmap.rb:47:in `call'
    /home/vlad/.rvm/gems/ruby-1.8.7-p302@twitter/gems/rack-1.1.0/lib/rack/urlmap.rb:41:in `each'
    /home/vlad/.rvm/gems/ruby-1.8.7-p302@twitter/gems/rack-1.1.0/lib/rack/urlmap.rb:41:in `call'
    /home/vlad/.rvm/gems/ruby-1.8.7-p302@twitter/gems/rails-2.3.8/lib/rails/rack/log_tailer.rb:17:in `call'
    /home/vlad/.rvm/gems/ruby-1.8.7-p302@twitter/gems/rack-1.1.0/lib/rack/content_length.rb:13:in `call'
    /home/vlad/.rvm/gems/ruby-1.8.7-p302@twitter/gems/rack-1.1.0/lib/rack/handler/webrick.rb:48:in `service'
    /home/vlad/.rvm/rubies/ruby-1.8.7-p302/lib/ruby/1.8/webrick/httpserver.rb:104:in `service'
    /home/vlad/.rvm/rubies/ruby-1.8.7-p302/lib/ruby/1.8/webrick/httpserver.rb:65:in `run'
    /home/vlad/.rvm/rubies/ruby-1.8.7-p302/lib/ruby/1.8/webrick/server.rb:173:in `start_thread'
    /home/vlad/.rvm/rubies/ruby-1.8.7-p302/lib/ruby/1.8/webrick/server.rb:162:in `start'
    /home/vlad/.rvm/rubies/ruby-1.8.7-p302/lib/ruby/1.8/webrick/server.rb:162:in `start_thread'
    /home/vlad/.rvm/rubies/ruby-1.8.7-p302/lib/ruby/1.8/webrick/server.rb:95:in `start'
    /home/vlad/.rvm/rubies/ruby-1.8.7-p302/lib/ruby/1.8/webrick/server.rb:92:in `each'
    /home/vlad/.rvm/rubies/ruby-1.8.7-p302/lib/ruby/1.8/webrick/server.rb:92:in `start'
    /home/vlad/.rvm/rubies/ruby-1.8.7-p302/lib/ruby/1.8/webrick/server.rb:23:in `start'
    /home/vlad/.rvm/rubies/ruby-1.8.7-p302/lib/ruby/1.8/webrick/server.rb:82:in `start'
    /home/vlad/.rvm/gems/ruby-1.8.7-p302@twitter/gems/rack-1.1.0/lib/rack/handler/webrick.rb:14:in `run'
    /home/vlad/.rvm/gems/ruby-1.8.7-p302@twitter/gems/rails-2.3.8/lib/commands/server.rb:111
    /home/vlad/.rvm/rubies/ruby-1.8.7-p302/lib/ruby/site_ruby/1.8/rubygems/custom_require.rb:31:in `gem_original_require'
    /home/vlad/.rvm/rubies/ruby-1.8.7-p302/lib/ruby/site_ruby/1.8/rubygems/custom_require.rb:31:in `require'
    script/server:3
/!\ FAILSAFE /!\  Fri Nov 05 14:47:51 +0200 2010
  Status: 500 Internal Server Error
  Unknown database 'odesk_twitter'
    /home/vlad/.rvm/gems/ruby-1.8.7-p302@twitter/gems/activerecord-2.3.8/lib/active_record/connection_adapters/mysql_adapter.rb:619:in `real_connect'
    /home/vlad/.rvm/gems/ruby-1.8.7-p302@twitter/gems/activerecord-2.3.8/lib/active_record/connection_adapters/mysql_adapter.rb:619:in `connect'
    /home/vlad/.rvm/gems/ruby-1.8.7-p302@twitter/gems/activerecord-2.3.8/lib/active_record/connection_adapters/mysql_adapter.rb:203:in `initialize'
    /home/vlad/.rvm/gems/ruby-1.8.7-p302@twitter/gems/activerecord-2.3.8/lib/active_record/connection_adapters/mysql_adapter.rb:75:in `new'
    /home/vlad/.rvm/gems/ruby-1.8.7-p302@twitter/gems/activerecord-2.3.8/lib/active_record/connection_adapters/mysql_adapter.rb:75:in `mysql_connection'
    /home/vlad/.rvm/gems/ruby-1.8.7-p302@twitter/gems/activerecord-2.3.8/lib/active_record/connection_adapters/abstract/connection_pool.rb:223:in `send'
    /home/vlad/.rvm/gems/ruby-1.8.7-p302@twitter/gems/activerecord-2.3.8/lib/active_record/connection_adapters/abstract/connection_pool.rb:223:in `new_connection'
    /home/vlad/.rvm/gems/ruby-1.8.7-p302@twitter/gems/activerecord-2.3.8/lib/active_record/connection_adapters/abstract/connection_pool.rb:245:in `checkout_new_connection'
    /home/vlad/.rvm/gems/ruby-1.8.7-p302@twitter/gems/activerecord-2.3.8/lib/active_record/connection_adapters/abstract/connection_pool.rb:188:in `checkout'
    /home/vlad/.rvm/gems/ruby-1.8.7-p302@twitter/gems/activerecord-2.3.8/lib/active_record/connection_adapters/abstract/connection_pool.rb:184:in `loop'
    /home/vlad/.rvm/gems/ruby-1.8.7-p302@twitter/gems/activerecord-2.3.8/lib/active_record/connection_adapters/abstract/connection_pool.rb:184:in `checkout'
    /home/vlad/.rvm/rubies/ruby-1.8.7-p302/lib/ruby/1.8/monitor.rb:242:in `synchronize'
    /home/vlad/.rvm/gems/ruby-1.8.7-p302@twitter/gems/activerecord-2.3.8/lib/active_record/connection_adapters/abstract/connection_pool.rb:183:in `checkout'
    /home/vlad/.rvm/gems/ruby-1.8.7-p302@twitter/gems/activerecord-2.3.8/lib/active_record/connection_adapters/abstract/connection_pool.rb:98:in `connection'
    /home/vlad/.rvm/gems/ruby-1.8.7-p302@twitter/gems/activerecord-2.3.8/lib/active_record/connection_adapters/abstract/connection_pool.rb:326:in `retrieve_connection'
    /home/vlad/.rvm/gems/ruby-1.8.7-p302@twitter/gems/activerecord-2.3.8/lib/active_record/connection_adapters/abstract/connection_specification.rb:123:in `retrieve_connection'
    /home/vlad/.rvm/gems/ruby-1.8.7-p302@twitter/gems/activerecord-2.3.8/lib/active_record/connection_adapters/abstract/connection_specification.rb:115:in `connection'
    /home/vlad/.rvm/gems/ruby-1.8.7-p302@twitter/gems/activerecord-2.3.8/lib/active_record/query_cache.rb:9:in `cache'
    /home/vlad/.rvm/gems/ruby-1.8.7-p302@twitter/gems/activerecord-2.3.8/lib/active_record/query_cache.rb:28:in `call'
    /home/vlad/.rvm/gems/ruby-1.8.7-p302@twitter/gems/activerecord-2.3.8/lib/active_record/connection_adapters/abstract/connection_pool.rb:361:in `call'
    /home/vlad/.rvm/gems/ruby-1.8.7-p302@twitter/gems/actionpack-2.3.8/lib/action_controller/string_coercion.rb:25:in `call'
    /home/vlad/.rvm/gems/ruby-1.8.7-p302@twitter/gems/rack-1.1.0/lib/rack/head.rb:9:in `call'
    /home/vlad/.rvm/gems/ruby-1.8.7-p302@twitter/gems/rack-1.1.0/lib/rack/methodoverride.rb:24:in `call'
    /home/vlad/.rvm/gems/ruby-1.8.7-p302@twitter/gems/actionpack-2.3.8/lib/action_controller/params_parser.rb:15:in `call'
    /home/vlad/.rvm/gems/ruby-1.8.7-p302@twitter/gems/actionpack-2.3.8/lib/action_controller/session/cookie_store.rb:99:in `call'
    /home/vlad/.rvm/gems/ruby-1.8.7-p302@twitter/gems/actionpack-2.3.8/lib/action_controller/failsafe.rb:26:in `call'
    /home/vlad/.rvm/gems/ruby-1.8.7-p302@twitter/gems/rack-1.1.0/lib/rack/lock.rb:11:in `call'
    /home/vlad/.rvm/gems/ruby-1.8.7-p302@twitter/gems/rack-1.1.0/lib/rack/lock.rb:11:in `synchronize'
    /home/vlad/.rvm/gems/ruby-1.8.7-p302@twitter/gems/rack-1.1.0/lib/rack/lock.rb:11:in `call'
    /home/vlad/.rvm/gems/ruby-1.8.7-p302@twitter/gems/actionpack-2.3.8/lib/action_controller/dispatcher.rb:114:in `call'
    /home/vlad/.rvm/gems/ruby-1.8.7-p302@twitter/gems/actionpack-2.3.8/lib/action_controller/reloader.rb:34:in `run'
    /home/vlad/.rvm/gems/ruby-1.8.7-p302@twitter/gems/actionpack-2.3.8/lib/action_controller/dispatcher.rb:108:in `call'
    /home/vlad/.rvm/gems/ruby-1.8.7-p302@twitter/gems/rails-2.3.8/lib/rails/rack/static.rb:31:in `call'
    /home/vlad/.rvm/gems/ruby-1.8.7-p302@twitter/gems/rack-1.1.0/lib/rack/urlmap.rb:47:in `call'
    /home/vlad/.rvm/gems/ruby-1.8.7-p302@twitter/gems/rack-1.1.0/lib/rack/urlmap.rb:41:in `each'
    /home/vlad/.rvm/gems/ruby-1.8.7-p302@twitter/gems/rack-1.1.0/lib/rack/urlmap.rb:41:in `call'
    /home/vlad/.rvm/gems/ruby-1.8.7-p302@twitter/gems/rails-2.3.8/lib/rails/rack/log_tailer.rb:17:in `call'
    /home/vlad/.rvm/gems/ruby-1.8.7-p302@twitter/gems/rack-1.1.0/lib/rack/content_length.rb:13:in `call'
    /home/vlad/.rvm/gems/ruby-1.8.7-p302@twitter/gems/rack-1.1.0/lib/rack/handler/webrick.rb:48:in `service'
    /home/vlad/.rvm/rubies/ruby-1.8.7-p302/lib/ruby/1.8/webrick/httpserver.rb:104:in `service'
    /home/vlad/.rvm/rubies/ruby-1.8.7-p302/lib/ruby/1.8/webrick/httpserver.rb:65:in `run'
    /home/vlad/.rvm/rubies/ruby-1.8.7-p302/lib/ruby/1.8/webrick/server.rb:173:in `start_thread'
    /home/vlad/.rvm/rubies/ruby-1.8.7-p302/lib/ruby/1.8/webrick/server.rb:162:in `start'
    /home/vlad/.rvm/rubies/ruby-1.8.7-p302/lib/ruby/1.8/webrick/server.rb:162:in `start_thread'
    /home/vlad/.rvm/rubies/ruby-1.8.7-p302/lib/ruby/1.8/webrick/server.rb:95:in `start'
    /home/vlad/.rvm/rubies/ruby-1.8.7-p302/lib/ruby/1.8/webrick/server.rb:92:in `each'
    /home/vlad/.rvm/rubies/ruby-1.8.7-p302/lib/ruby/1.8/webrick/server.rb:92:in `start'
    /home/vlad/.rvm/rubies/ruby-1.8.7-p302/lib/ruby/1.8/webrick/server.rb:23:in `start'
    /home/vlad/.rvm/rubies/ruby-1.8.7-p302/lib/ruby/1.8/webrick/server.rb:82:in `start'
    /home/vlad/.rvm/gems/ruby-1.8.7-p302@twitter/gems/rack-1.1.0/lib/rack/handler/webrick.rb:14:in `run'
    /home/vlad/.rvm/gems/ruby-1.8.7-p302@twitter/gems/rails-2.3.8/lib/commands/server.rb:111
    /home/vlad/.rvm/rubies/ruby-1.8.7-p302/lib/ruby/site_ruby/1.8/rubygems/custom_require.rb:31:in `gem_original_require'
    /home/vlad/.rvm/rubies/ruby-1.8.7-p302/lib/ruby/site_ruby/1.8/rubygems/custom_require.rb:31:in `require'
    script/server:3
  [4;36;1mSQL (0.1ms)[0m   [0;1mSET SQL_AUTO_IS_NULL=0[0m


Processing ApplicationController#index (for 127.0.0.1 at 2010-11-05 15:22:53) [GET]

ActionController::RoutingError (No route matches "/" with {:method=>:get}):
  /home/vlad/.rvm/rubies/ruby-1.8.7-p302/lib/ruby/1.8/webrick/httpserver.rb:104:in `service'
  /home/vlad/.rvm/rubies/ruby-1.8.7-p302/lib/ruby/1.8/webrick/httpserver.rb:65:in `run'
  /home/vlad/.rvm/rubies/ruby-1.8.7-p302/lib/ruby/1.8/webrick/server.rb:173:in `start_thread'
  /home/vlad/.rvm/rubies/ruby-1.8.7-p302/lib/ruby/1.8/webrick/server.rb:162:in `start'
  /home/vlad/.rvm/rubies/ruby-1.8.7-p302/lib/ruby/1.8/webrick/server.rb:162:in `start_thread'
  /home/vlad/.rvm/rubies/ruby-1.8.7-p302/lib/ruby/1.8/webrick/server.rb:95:in `start'
  /home/vlad/.rvm/rubies/ruby-1.8.7-p302/lib/ruby/1.8/webrick/server.rb:92:in `each'
  /home/vlad/.rvm/rubies/ruby-1.8.7-p302/lib/ruby/1.8/webrick/server.rb:92:in `start'
  /home/vlad/.rvm/rubies/ruby-1.8.7-p302/lib/ruby/1.8/webrick/server.rb:23:in `start'
  /home/vlad/.rvm/rubies/ruby-1.8.7-p302/lib/ruby/1.8/webrick/server.rb:82:in `start'

Rendering rescues/layout (not_found)
  [4;36;1mSQL (0.1ms)[0m   [0;1mSET SQL_AUTO_IS_NULL=0[0m


Processing ApplicationController#index (for 127.0.0.1 at 2010-11-05 16:31:58) [GET]

ActionController::RoutingError (No route matches "/" with {:method=>:get}):
  /home/vlad/.rvm/rubies/ruby-1.8.7-p302/lib/ruby/1.8/webrick/httpserver.rb:104:in `service'
  /home/vlad/.rvm/rubies/ruby-1.8.7-p302/lib/ruby/1.8/webrick/httpserver.rb:65:in `run'
  /home/vlad/.rvm/rubies/ruby-1.8.7-p302/lib/ruby/1.8/webrick/server.rb:173:in `start_thread'
  /home/vlad/.rvm/rubies/ruby-1.8.7-p302/lib/ruby/1.8/webrick/server.rb:162:in `start'
  /home/vlad/.rvm/rubies/ruby-1.8.7-p302/lib/ruby/1.8/webrick/server.rb:162:in `start_thread'
  /home/vlad/.rvm/rubies/ruby-1.8.7-p302/lib/ruby/1.8/webrick/server.rb:95:in `start'
  /home/vlad/.rvm/rubies/ruby-1.8.7-p302/lib/ruby/1.8/webrick/server.rb:92:in `each'
  /home/vlad/.rvm/rubies/ruby-1.8.7-p302/lib/ruby/1.8/webrick/server.rb:92:in `start'
  /home/vlad/.rvm/rubies/ruby-1.8.7-p302/lib/ruby/1.8/webrick/server.rb:23:in `start'
  /home/vlad/.rvm/rubies/ruby-1.8.7-p302/lib/ruby/1.8/webrick/server.rb:82:in `start'

Rendering rescues/layout (not_found)
  [4;36;1mSQL (0.1ms)[0m   [0;1mSET SQL_AUTO_IS_NULL=0[0m


Processing ApplicationController#index (for 127.0.0.1 at 2010-11-05 16:33:57) [GET]

ActionController::RoutingError (No route matches "/" with {:method=>:get}):
  /home/vlad/.rvm/rubies/ruby-1.8.7-p302/lib/ruby/1.8/webrick/httpserver.rb:104:in `service'
  /home/vlad/.rvm/rubies/ruby-1.8.7-p302/lib/ruby/1.8/webrick/httpserver.rb:65:in `run'
  /home/vlad/.rvm/rubies/ruby-1.8.7-p302/lib/ruby/1.8/webrick/server.rb:173:in `start_thread'
  /home/vlad/.rvm/rubies/ruby-1.8.7-p302/lib/ruby/1.8/webrick/server.rb:162:in `start'
  /home/vlad/.rvm/rubies/ruby-1.8.7-p302/lib/ruby/1.8/webrick/server.rb:162:in `start_thread'
  /home/vlad/.rvm/rubies/ruby-1.8.7-p302/lib/ruby/1.8/webrick/server.rb:95:in `start'
  /home/vlad/.rvm/rubies/ruby-1.8.7-p302/lib/ruby/1.8/webrick/server.rb:92:in `each'
  /home/vlad/.rvm/rubies/ruby-1.8.7-p302/lib/ruby/1.8/webrick/server.rb:92:in `start'
  /home/vlad/.rvm/rubies/ruby-1.8.7-p302/lib/ruby/1.8/webrick/server.rb:23:in `start'
  /home/vlad/.rvm/rubies/ruby-1.8.7-p302/lib/ruby/1.8/webrick/server.rb:82:in `start'

Rendering rescues/layout (not_found)
  [4;35;1mSQL (0.1ms)[0m   [0mSET SQL_AUTO_IS_NULL=0[0m


Processing ApplicationController#index (for 127.0.0.1 at 2010-11-05 16:33:57) [GET]

ActionController::RoutingError (No route matches "/" with {:method=>:get}):
  /home/vlad/.rvm/rubies/ruby-1.8.7-p302/lib/ruby/1.8/webrick/httpserver.rb:104:in `service'
  /home/vlad/.rvm/rubies/ruby-1.8.7-p302/lib/ruby/1.8/webrick/httpserver.rb:65:in `run'
  /home/vlad/.rvm/rubies/ruby-1.8.7-p302/lib/ruby/1.8/webrick/server.rb:173:in `start_thread'
  /home/vlad/.rvm/rubies/ruby-1.8.7-p302/lib/ruby/1.8/webrick/server.rb:162:in `start'
  /home/vlad/.rvm/rubies/ruby-1.8.7-p302/lib/ruby/1.8/webrick/server.rb:162:in `start_thread'
  /home/vlad/.rvm/rubies/ruby-1.8.7-p302/lib/ruby/1.8/webrick/server.rb:95:in `start'
  /home/vlad/.rvm/rubies/ruby-1.8.7-p302/lib/ruby/1.8/webrick/server.rb:92:in `each'
  /home/vlad/.rvm/rubies/ruby-1.8.7-p302/lib/ruby/1.8/webrick/server.rb:92:in `start'
  /home/vlad/.rvm/rubies/ruby-1.8.7-p302/lib/ruby/1.8/webrick/server.rb:23:in `start'
  /home/vlad/.rvm/rubies/ruby-1.8.7-p302/lib/ruby/1.8/webrick/server.rb:82:in `start'

Rendering rescues/layout (not_found)
  [4;36;1mSQL (0.1ms)[0m   [0;1mSET SQL_AUTO_IS_NULL=0[0m


Processing TrendingtopicController#index (for 127.0.0.1 at 2010-11-05 16:37:38) [GET]

ActionController::UnknownAction (No action responded to index. Actions: ):
  /home/vlad/.rvm/rubies/ruby-1.8.7-p302/lib/ruby/1.8/webrick/httpserver.rb:104:in `service'
  /home/vlad/.rvm/rubies/ruby-1.8.7-p302/lib/ruby/1.8/webrick/httpserver.rb:65:in `run'
  /home/vlad/.rvm/rubies/ruby-1.8.7-p302/lib/ruby/1.8/webrick/server.rb:173:in `start_thread'
  /home/vlad/.rvm/rubies/ruby-1.8.7-p302/lib/ruby/1.8/webrick/server.rb:162:in `start'
  /home/vlad/.rvm/rubies/ruby-1.8.7-p302/lib/ruby/1.8/webrick/server.rb:162:in `start_thread'
  /home/vlad/.rvm/rubies/ruby-1.8.7-p302/lib/ruby/1.8/webrick/server.rb:95:in `start'
  /home/vlad/.rvm/rubies/ruby-1.8.7-p302/lib/ruby/1.8/webrick/server.rb:92:in `each'
  /home/vlad/.rvm/rubies/ruby-1.8.7-p302/lib/ruby/1.8/webrick/server.rb:92:in `start'
  /home/vlad/.rvm/rubies/ruby-1.8.7-p302/lib/ruby/1.8/webrick/server.rb:23:in `start'
  /home/vlad/.rvm/rubies/ruby-1.8.7-p302/lib/ruby/1.8/webrick/server.rb:82:in `start'

Rendering rescues/layout (not_found)
  [4;35;1mSQL (0.1ms)[0m   [0mSET SQL_AUTO_IS_NULL=0[0m


Processing TrendingtopicController#index (for 127.0.0.1 at 2010-11-05 16:37:39) [GET]

ActionController::UnknownAction (No action responded to index. Actions: ):
  /home/vlad/.rvm/rubies/ruby-1.8.7-p302/lib/ruby/1.8/webrick/httpserver.rb:104:in `service'
  /home/vlad/.rvm/rubies/ruby-1.8.7-p302/lib/ruby/1.8/webrick/httpserver.rb:65:in `run'
  /home/vlad/.rvm/rubies/ruby-1.8.7-p302/lib/ruby/1.8/webrick/server.rb:173:in `start_thread'
  /home/vlad/.rvm/rubies/ruby-1.8.7-p302/lib/ruby/1.8/webrick/server.rb:162:in `start'
  /home/vlad/.rvm/rubies/ruby-1.8.7-p302/lib/ruby/1.8/webrick/server.rb:162:in `start_thread'
  /home/vlad/.rvm/rubies/ruby-1.8.7-p302/lib/ruby/1.8/webrick/server.rb:95:in `start'
  /home/vlad/.rvm/rubies/ruby-1.8.7-p302/lib/ruby/1.8/webrick/server.rb:92:in `each'
  /home/vlad/.rvm/rubies/ruby-1.8.7-p302/lib/ruby/1.8/webrick/server.rb:92:in `start'
  /home/vlad/.rvm/rubies/ruby-1.8.7-p302/lib/ruby/1.8/webrick/server.rb:23:in `start'
  /home/vlad/.rvm/rubies/ruby-1.8.7-p302/lib/ruby/1.8/webrick/server.rb:82:in `start'

Rendering rescues/layout (not_found)
  [4;36;1mSQL (0.1ms)[0m   [0;1mSET SQL_AUTO_IS_NULL=0[0m


Processing TrendingtopicController#index (for 127.0.0.1 at 2010-11-05 17:00:01) [GET]

ActionView::MissingTemplate (Missing template trendingtopic/index.erb in view path app/views):
  /home/vlad/.rvm/rubies/ruby-1.8.7-p302/lib/ruby/1.8/webrick/httpserver.rb:104:in `service'
  /home/vlad/.rvm/rubies/ruby-1.8.7-p302/lib/ruby/1.8/webrick/httpserver.rb:65:in `run'
  /home/vlad/.rvm/rubies/ruby-1.8.7-p302/lib/ruby/1.8/webrick/server.rb:173:in `start_thread'
  /home/vlad/.rvm/rubies/ruby-1.8.7-p302/lib/ruby/1.8/webrick/server.rb:162:in `start'
  /home/vlad/.rvm/rubies/ruby-1.8.7-p302/lib/ruby/1.8/webrick/server.rb:162:in `start_thread'
  /home/vlad/.rvm/rubies/ruby-1.8.7-p302/lib/ruby/1.8/webrick/server.rb:95:in `start'
  /home/vlad/.rvm/rubies/ruby-1.8.7-p302/lib/ruby/1.8/webrick/server.rb:92:in `each'
  /home/vlad/.rvm/rubies/ruby-1.8.7-p302/lib/ruby/1.8/webrick/server.rb:92:in `start'
  /home/vlad/.rvm/rubies/ruby-1.8.7-p302/lib/ruby/1.8/webrick/server.rb:23:in `start'
  /home/vlad/.rvm/rubies/ruby-1.8.7-p302/lib/ruby/1.8/webrick/server.rb:82:in `start'

Rendering rescues/layout (internal_server_error)
  [4;35;1mSQL (0.1ms)[0m   [0mSET SQL_AUTO_IS_NULL=0[0m


Processing TrendingtopicController#index (for 127.0.0.1 at 2010-11-05 17:00:31) [GET]
Rendering template within layouts/application
Rendering trendingtopic/index
Completed in 4396ms (View: 138, DB: 0) | 200 OK [http://main.localhost/]
  [4;36;1mSQL (0.1ms)[0m   [0;1mSET SQL_AUTO_IS_NULL=0[0m


Processing TrendingtopicController#index (for 127.0.0.1 at 2010-11-05 17:03:23) [GET]
Rendering template within layouts/application
Rendering trendingtopic/index
Completed in 8176ms (View: 6, DB: 0) | 200 OK [http://main.localhost/]
  [4;35;1mSQL (0.1ms)[0m   [0mSET SQL_AUTO_IS_NULL=0[0m


Processing TrendingtopicController#index (for 127.0.0.1 at 2010-11-05 17:04:11) [GET]
Rendering template within layouts/application
Rendering trendingtopic/index
Completed in 10453ms (View: 4, DB: 0) | 200 OK [http://main.localhost/]
  [4;36;1mSQL (0.1ms)[0m   [0;1mSET SQL_AUTO_IS_NULL=0[0m


Processing TrendingtopicController#index (for 127.0.0.1 at 2010-11-05 18:45:39) [GET]
Rendering template within layouts/application
Rendering trendingtopic/index
Completed in 1402ms (View: 11, DB: 0) | 200 OK [http://main.localhost/]
  [4;35;1mSQL (0.1ms)[0m   [0mSET SQL_AUTO_IS_NULL=0[0m


Processing TrendingtopicController#index (for 127.0.0.1 at 2010-11-05 18:54:31) [GET]
Rendering template within layouts/application
Rendering trendingtopic/index

ActionView::TemplateError (You have a nil object when you didn't expect it!
You might have expected an instance of ActiveRecord::Base.
The error occurred while evaluating nil.[]) on line #6 of app/views/trendingtopic/index.html.erb:
3:     <li>
4:       <b>Name:</b> <%= name[:name] %><br/>
5:       <ul>
6:         <% for post in @posts[name[:name]] %>
7:         <li><%= post.text %></li>
8:         <% end %>
9:       </ul>

    app/views/trendingtopic/index.html.erb:6
    app/views/trendingtopic/index.html.erb:2:in `each'
    app/views/trendingtopic/index.html.erb:2
    /home/vlad/.rvm/rubies/ruby-1.8.7-p302/lib/ruby/1.8/webrick/httpserver.rb:104:in `service'
    /home/vlad/.rvm/rubies/ruby-1.8.7-p302/lib/ruby/1.8/webrick/httpserver.rb:65:in `run'
    /home/vlad/.rvm/rubies/ruby-1.8.7-p302/lib/ruby/1.8/webrick/server.rb:173:in `start_thread'
    /home/vlad/.rvm/rubies/ruby-1.8.7-p302/lib/ruby/1.8/webrick/server.rb:162:in `start'
    /home/vlad/.rvm/rubies/ruby-1.8.7-p302/lib/ruby/1.8/webrick/server.rb:162:in `start_thread'
    /home/vlad/.rvm/rubies/ruby-1.8.7-p302/lib/ruby/1.8/webrick/server.rb:95:in `start'
    /home/vlad/.rvm/rubies/ruby-1.8.7-p302/lib/ruby/1.8/webrick/server.rb:92:in `each'
    /home/vlad/.rvm/rubies/ruby-1.8.7-p302/lib/ruby/1.8/webrick/server.rb:92:in `start'
    /home/vlad/.rvm/rubies/ruby-1.8.7-p302/lib/ruby/1.8/webrick/server.rb:23:in `start'
    /home/vlad/.rvm/rubies/ruby-1.8.7-p302/lib/ruby/1.8/webrick/server.rb:82:in `start'

Rendered rescues/_trace (42.6ms)
Rendered rescues/_request_and_response (1.8ms)
Rendering rescues/layout (internal_server_error)
  [4;36;1mSQL (0.1ms)[0m   [0;1mSET SQL_AUTO_IS_NULL=0[0m


Processing TrendingtopicController#index (for 127.0.0.1 at 2010-11-05 18:56:15) [GET]

NoMethodError (undefined method `strip' for {:query=>"#5yearswithsuju", :name=>"#5yearswithsuju"}:Hash):
  twitter (0.9.12) lib/twitter/search.rb:12:in `initialize'
  app/models/tranding_topic.rb:14:in `new'
  app/models/tranding_topic.rb:14:in `posts'
  app/models/tranding_topic.rb:13:in `each'
  app/models/tranding_topic.rb:13:in `posts'
  app/controllers/trendingtopic_controller.rb:5:in `index'
  /home/vlad/.rvm/rubies/ruby-1.8.7-p302/lib/ruby/1.8/webrick/httpserver.rb:104:in `service'
  /home/vlad/.rvm/rubies/ruby-1.8.7-p302/lib/ruby/1.8/webrick/httpserver.rb:65:in `run'
  /home/vlad/.rvm/rubies/ruby-1.8.7-p302/lib/ruby/1.8/webrick/server.rb:173:in `start_thread'
  /home/vlad/.rvm/rubies/ruby-1.8.7-p302/lib/ruby/1.8/webrick/server.rb:162:in `start'
  /home/vlad/.rvm/rubies/ruby-1.8.7-p302/lib/ruby/1.8/webrick/server.rb:162:in `start_thread'
  /home/vlad/.rvm/rubies/ruby-1.8.7-p302/lib/ruby/1.8/webrick/server.rb:95:in `start'
  /home/vlad/.rvm/rubies/ruby-1.8.7-p302/lib/ruby/1.8/webrick/server.rb:92:in `each'
  /home/vlad/.rvm/rubies/ruby-1.8.7-p302/lib/ruby/1.8/webrick/server.rb:92:in `start'
  /home/vlad/.rvm/rubies/ruby-1.8.7-p302/lib/ruby/1.8/webrick/server.rb:23:in `start'
  /home/vlad/.rvm/rubies/ruby-1.8.7-p302/lib/ruby/1.8/webrick/server.rb:82:in `start'

Rendered rescues/_trace (102.9ms)
Rendered rescues/_request_and_response (0.3ms)
Rendering rescues/layout (internal_server_error)
  [4;35;1mSQL (0.1ms)[0m   [0mSET SQL_AUTO_IS_NULL=0[0m


Processing TrendingtopicController#index (for 127.0.0.1 at 2010-11-05 18:56:36) [GET]

NoMethodError (undefined method `strip' for {:query=>"#5yearswithsuju", :name=>"#5yearswithsuju"}:Hash):
  twitter (0.9.12) lib/twitter/search.rb:12:in `initialize'
  app/models/tranding_topic.rb:14:in `new'
  app/models/tranding_topic.rb:14:in `posts'
  app/models/tranding_topic.rb:13:in `each'
  app/models/tranding_topic.rb:13:in `posts'
  app/controllers/trendingtopic_controller.rb:5:in `index'
  /home/vlad/.rvm/rubies/ruby-1.8.7-p302/lib/ruby/1.8/webrick/httpserver.rb:104:in `service'
  /home/vlad/.rvm/rubies/ruby-1.8.7-p302/lib/ruby/1.8/webrick/httpserver.rb:65:in `run'
  /home/vlad/.rvm/rubies/ruby-1.8.7-p302/lib/ruby/1.8/webrick/server.rb:173:in `start_thread'
  /home/vlad/.rvm/rubies/ruby-1.8.7-p302/lib/ruby/1.8/webrick/server.rb:162:in `start'
  /home/vlad/.rvm/rubies/ruby-1.8.7-p302/lib/ruby/1.8/webrick/server.rb:162:in `start_thread'
  /home/vlad/.rvm/rubies/ruby-1.8.7-p302/lib/ruby/1.8/webrick/server.rb:95:in `start'
  /home/vlad/.rvm/rubies/ruby-1.8.7-p302/lib/ruby/1.8/webrick/server.rb:92:in `each'
  /home/vlad/.rvm/rubies/ruby-1.8.7-p302/lib/ruby/1.8/webrick/server.rb:92:in `start'
  /home/vlad/.rvm/rubies/ruby-1.8.7-p302/lib/ruby/1.8/webrick/server.rb:23:in `start'
  /home/vlad/.rvm/rubies/ruby-1.8.7-p302/lib/ruby/1.8/webrick/server.rb:82:in `start'

Rendered rescues/_trace (34.9ms)
Rendered rescues/_request_and_response (0.3ms)
Rendering rescues/layout (internal_server_error)
  [4;36;1mSQL (0.1ms)[0m   [0;1mSET SQL_AUTO_IS_NULL=0[0m


Processing TrendingtopicController#index (for 127.0.0.1 at 2010-11-05 18:57:13) [GET]
Rendering template within layouts/application
Rendering trendingtopic/index

ActionView::TemplateError (You have a nil object when you didn't expect it!
You might have expected an instance of Array.
The error occurred while evaluating nil.each) on line #7 of app/views/trendingtopic/index.html.erb:
4:       <b>Name:</b> <%= name[:name] %><br/>
5:       <%#=debug @posts%>
6:       <ul>
7:         <% for post in @posts[name[:name]] %>
8:         <li><%= post.text %></li>
9:         <% end %>
10:       </ul>

    app/views/trendingtopic/index.html.erb:7
    app/views/trendingtopic/index.html.erb:2:in `each'
    app/views/trendingtopic/index.html.erb:2
    /home/vlad/.rvm/rubies/ruby-1.8.7-p302/lib/ruby/1.8/webrick/httpserver.rb:104:in `service'
    /home/vlad/.rvm/rubies/ruby-1.8.7-p302/lib/ruby/1.8/webrick/httpserver.rb:65:in `run'
    /home/vlad/.rvm/rubies/ruby-1.8.7-p302/lib/ruby/1.8/webrick/server.rb:173:in `start_thread'
    /home/vlad/.rvm/rubies/ruby-1.8.7-p302/lib/ruby/1.8/webrick/server.rb:162:in `start'
    /home/vlad/.rvm/rubies/ruby-1.8.7-p302/lib/ruby/1.8/webrick/server.rb:162:in `start_thread'
    /home/vlad/.rvm/rubies/ruby-1.8.7-p302/lib/ruby/1.8/webrick/server.rb:95:in `start'
    /home/vlad/.rvm/rubies/ruby-1.8.7-p302/lib/ruby/1.8/webrick/server.rb:92:in `each'
    /home/vlad/.rvm/rubies/ruby-1.8.7-p302/lib/ruby/1.8/webrick/server.rb:92:in `start'
    /home/vlad/.rvm/rubies/ruby-1.8.7-p302/lib/ruby/1.8/webrick/server.rb:23:in `start'
    /home/vlad/.rvm/rubies/ruby-1.8.7-p302/lib/ruby/1.8/webrick/server.rb:82:in `start'

Rendered rescues/_trace (108.0ms)
Rendered rescues/_request_and_response (0.2ms)
Rendering rescues/layout (internal_server_error)
  [4;35;1mSQL (0.1ms)[0m   [0mSET SQL_AUTO_IS_NULL=0[0m


Processing TrendingtopicController#index (for 127.0.0.1 at 2010-11-05 18:57:47) [GET]
Rendering template within layouts/application
Rendering trendingtopic/index

ActionView::TemplateError (You have a nil object when you didn't expect it!
You might have expected an instance of ActiveRecord::Base.
The error occurred while evaluating nil.[]) on line #7 of app/views/trendingtopic/index.html.erb:
4:       <b>Name:</b> <%= name[:name] %><br/>
5:       <%#=debug @posts%>
6:       <ul>
7:         <% for post in @posts[name[:name]] %>
8:         <li><%= post.text %></li>
9:         <% end %>
10:       </ul>

    app/views/trendingtopic/index.html.erb:7
    app/views/trendingtopic/index.html.erb:2:in `each'
    app/views/trendingtopic/index.html.erb:2
    /home/vlad/.rvm/rubies/ruby-1.8.7-p302/lib/ruby/1.8/webrick/httpserver.rb:104:in `service'
    /home/vlad/.rvm/rubies/ruby-1.8.7-p302/lib/ruby/1.8/webrick/httpserver.rb:65:in `run'
    /home/vlad/.rvm/rubies/ruby-1.8.7-p302/lib/ruby/1.8/webrick/server.rb:173:in `start_thread'
    /home/vlad/.rvm/rubies/ruby-1.8.7-p302/lib/ruby/1.8/webrick/server.rb:162:in `start'
    /home/vlad/.rvm/rubies/ruby-1.8.7-p302/lib/ruby/1.8/webrick/server.rb:162:in `start_thread'
    /home/vlad/.rvm/rubies/ruby-1.8.7-p302/lib/ruby/1.8/webrick/server.rb:95:in `start'
    /home/vlad/.rvm/rubies/ruby-1.8.7-p302/lib/ruby/1.8/webrick/server.rb:92:in `each'
    /home/vlad/.rvm/rubies/ruby-1.8.7-p302/lib/ruby/1.8/webrick/server.rb:92:in `start'
    /home/vlad/.rvm/rubies/ruby-1.8.7-p302/lib/ruby/1.8/webrick/server.rb:23:in `start'
    /home/vlad/.rvm/rubies/ruby-1.8.7-p302/lib/ruby/1.8/webrick/server.rb:82:in `start'

Rendered rescues/_trace (43.8ms)
Rendered rescues/_request_and_response (0.3ms)
Rendering rescues/layout (internal_server_error)
  [4;36;1mSQL (0.1ms)[0m   [0;1mSET SQL_AUTO_IS_NULL=0[0m


Processing TrendingtopicController#index (for 127.0.0.1 at 2010-11-05 18:59:51) [GET]
Rendering template within layouts/application
Rendering trendingtopic/index

ActionView::TemplateError (can't convert String into Integer) on line #7 of app/views/trendingtopic/index.html.erb:
4:       <b>Name:</b> <%= name[:name] %><br/>
5:       <%#=debug @posts%>
6:       <ul>
7:         <% for post in @posts[name[:name]] %>
8:         <li><%= post.text %></li>
9:         <% end %>
10:       </ul>

    app/views/trendingtopic/index.html.erb:7:in `[]'
    app/views/trendingtopic/index.html.erb:7
    app/views/trendingtopic/index.html.erb:2:in `each'
    app/views/trendingtopic/index.html.erb:2
    /home/vlad/.rvm/rubies/ruby-1.8.7-p302/lib/ruby/1.8/webrick/httpserver.rb:104:in `service'
    /home/vlad/.rvm/rubies/ruby-1.8.7-p302/lib/ruby/1.8/webrick/httpserver.rb:65:in `run'
    /home/vlad/.rvm/rubies/ruby-1.8.7-p302/lib/ruby/1.8/webrick/server.rb:173:in `start_thread'
    /home/vlad/.rvm/rubies/ruby-1.8.7-p302/lib/ruby/1.8/webrick/server.rb:162:in `start'
    /home/vlad/.rvm/rubies/ruby-1.8.7-p302/lib/ruby/1.8/webrick/server.rb:162:in `start_thread'
    /home/vlad/.rvm/rubies/ruby-1.8.7-p302/lib/ruby/1.8/webrick/server.rb:95:in `start'
    /home/vlad/.rvm/rubies/ruby-1.8.7-p302/lib/ruby/1.8/webrick/server.rb:92:in `each'
    /home/vlad/.rvm/rubies/ruby-1.8.7-p302/lib/ruby/1.8/webrick/server.rb:92:in `start'
    /home/vlad/.rvm/rubies/ruby-1.8.7-p302/lib/ruby/1.8/webrick/server.rb:23:in `start'
    /home/vlad/.rvm/rubies/ruby-1.8.7-p302/lib/ruby/1.8/webrick/server.rb:82:in `start'

Rendered rescues/_trace (111.0ms)
Rendered rescues/_request_and_response (0.2ms)
Rendering rescues/layout (internal_server_error)
  [4;35;1mSQL (0.1ms)[0m   [0mSET SQL_AUTO_IS_NULL=0[0m


Processing TrendingtopicController#index (for 127.0.0.1 at 2010-11-05 19:05:46) [GET]
Rendering template within layouts/application
Rendering trendingtopic/index
ERROR: compiling _run_erb_app47views47trendingtopic47index46html46erb RAISED compile error
/home/vlad/public_html/_odesk/twitter_topics/app/views/trendingtopic/index.html.erb:4: syntax error, unexpected '>'
/home/vlad/public_html/_odesk/twitter_topics/app/views/trendingtopic/index.html.erb:5: unterminated string meets end of file
Function body:           def _run_erb_app47views47trendingtopic47index46html46erb(local_assigns)
            old_output_buffer = output_buffer;;@output_buffer = '';  __in_erb_template=true ; @output_buffer.concat "<ol>\n  "
;  for name in @names ; @output_buffer.concat "\n    <li>\n      <b>Name:</b> "

; @output_buffer.concat(( name[:name] ).to_s); @output_buffer.concat "; <b>Query:</b> "; @output_buffer.concat(( name[:query]<br/>
      <%#=debug @posts).to_s); @output_buffer.concat "\n      <ul>\n        "

;  for post in @posts[name[:query]] ; @output_buffer.concat "\n        <li>"
; @output_buffer.concat(( post.text ).to_s); @output_buffer.concat "</li>\n        "
;  end ; @output_buffer.concat "\n      </ul>\n    </li>\n  "


;  end ; @output_buffer.concat "\n</ol>\n"

; @output_buffer
          ensure
            self.output_buffer = old_output_buffer
          end
Backtrace: /home/vlad/public_html/_odesk/twitter_topics/app/views/trendingtopic/index.html.erb:5:in `compile!'
/home/vlad/.rvm/gems/ruby-1.8.7-p302@twitter/gems/actionpack-2.3.8/lib/action_view/renderable.rb:61:in `compile'
/home/vlad/.rvm/gems/ruby-1.8.7-p302@twitter/gems/actionpack-2.3.8/lib/action_view/renderable.rb:28:in `render'
/home/vlad/.rvm/gems/ruby-1.8.7-p302@twitter/gems/actionpack-2.3.8/lib/action_view/template.rb:205:in `render_template'
/home/vlad/.rvm/gems/ruby-1.8.7-p302@twitter/gems/actionpack-2.3.8/lib/action_view/base.rb:265:in `render'
/home/vlad/.rvm/gems/ruby-1.8.7-p302@twitter/gems/actionpack-2.3.8/lib/action_view/base.rb:348:in `_render_with_layout'
/home/vlad/.rvm/gems/ruby-1.8.7-p302@twitter/gems/actionpack-2.3.8/lib/action_view/base.rb:262:in `render'
/home/vlad/.rvm/gems/ruby-1.8.7-p302@twitter/gems/actionpack-2.3.8/lib/action_controller/base.rb:1250:in `render_for_file'
/home/vlad/.rvm/gems/ruby-1.8.7-p302@twitter/gems/actionpack-2.3.8/lib/action_controller/base.rb:936:in `render_without_benchmark'
/home/vlad/.rvm/gems/ruby-1.8.7-p302@twitter/gems/actionpack-2.3.8/lib/action_controller/benchmarking.rb:51:in `render'
/home/vlad/.rvm/gems/ruby-1.8.7-p302@twitter/gems/activesupport-2.3.8/lib/active_support/core_ext/benchmark.rb:17:in `ms'
/home/vlad/.rvm/rubies/ruby-1.8.7-p302/lib/ruby/1.8/benchmark.rb:308:in `realtime'
/home/vlad/.rvm/gems/ruby-1.8.7-p302@twitter/gems/activesupport-2.3.8/lib/active_support/core_ext/benchmark.rb:17:in `ms'
/home/vlad/.rvm/gems/ruby-1.8.7-p302@twitter/gems/actionpack-2.3.8/lib/action_controller/benchmarking.rb:51:in `render'
/home/vlad/.rvm/gems/ruby-1.8.7-p302@twitter/gems/actionpack-2.3.8/lib/action_controller/base.rb:1326:in `default_render'
/home/vlad/.rvm/gems/ruby-1.8.7-p302@twitter/gems/actionpack-2.3.8/lib/action_controller/base.rb:1332:in `perform_action_without_filters'
/home/vlad/.rvm/gems/ruby-1.8.7-p302@twitter/gems/actionpack-2.3.8/lib/action_controller/filters.rb:617:in `call_filters'
/home/vlad/.rvm/gems/ruby-1.8.7-p302@twitter/gems/actionpack-2.3.8/lib/action_controller/filters.rb:610:in `perform_action_without_benchmark'
/home/vlad/.rvm/gems/ruby-1.8.7-p302@twitter/gems/actionpack-2.3.8/lib/action_controller/benchmarking.rb:68:in `perform_action_without_rescue'
/home/vlad/.rvm/gems/ruby-1.8.7-p302@twitter/gems/activesupport-2.3.8/lib/active_support/core_ext/benchmark.rb:17:in `ms'
/home/vlad/.rvm/rubies/ruby-1.8.7-p302/lib/ruby/1.8/benchmark.rb:308:in `realtime'
/home/vlad/.rvm/gems/ruby-1.8.7-p302@twitter/gems/activesupport-2.3.8/lib/active_support/core_ext/benchmark.rb:17:in `ms'
/home/vlad/.rvm/gems/ruby-1.8.7-p302@twitter/gems/actionpack-2.3.8/lib/action_controller/benchmarking.rb:68:in `perform_action_without_rescue'
/home/vlad/.rvm/gems/ruby-1.8.7-p302@twitter/gems/actionpack-2.3.8/lib/action_controller/rescue.rb:160:in `perform_action_without_flash'
/home/vlad/.rvm/gems/ruby-1.8.7-p302@twitter/gems/actionpack-2.3.8/lib/action_controller/flash.rb:151:in `perform_action'
/home/vlad/.rvm/gems/ruby-1.8.7-p302@twitter/gems/actionpack-2.3.8/lib/action_controller/base.rb:532:in `send'
/home/vlad/.rvm/gems/ruby-1.8.7-p302@twitter/gems/actionpack-2.3.8/lib/action_controller/base.rb:532:in `process_without_filters'
/home/vlad/.rvm/gems/ruby-1.8.7-p302@twitter/gems/actionpack-2.3.8/lib/action_controller/filters.rb:606:in `process'
/home/vlad/.rvm/gems/ruby-1.8.7-p302@twitter/gems/actionpack-2.3.8/lib/action_controller/base.rb:391:in `process'
/home/vlad/.rvm/gems/ruby-1.8.7-p302@twitter/gems/actionpack-2.3.8/lib/action_controller/base.rb:386:in `call'
/home/vlad/.rvm/gems/ruby-1.8.7-p302@twitter/gems/actionpack-2.3.8/lib/action_controller/routing/route_set.rb:438:in `call'
/home/vlad/.rvm/gems/ruby-1.8.7-p302@twitter/gems/actionpack-2.3.8/lib/action_controller/dispatcher.rb:87:in `dispatch'
/home/vlad/.rvm/gems/ruby-1.8.7-p302@twitter/gems/actionpack-2.3.8/lib/action_controller/dispatcher.rb:121:in `_call'
/home/vlad/.rvm/gems/ruby-1.8.7-p302@twitter/gems/actionpack-2.3.8/lib/action_controller/dispatcher.rb:130:in `build_middleware_stack'
/home/vlad/.rvm/gems/ruby-1.8.7-p302@twitter/gems/activerecord-2.3.8/lib/active_record/query_cache.rb:29:in `call'
/home/vlad/.rvm/gems/ruby-1.8.7-p302@twitter/gems/activerecord-2.3.8/lib/active_record/query_cache.rb:29:in `call'
/home/vlad/.rvm/gems/ruby-1.8.7-p302@twitter/gems/activerecord-2.3.8/lib/active_record/connection_adapters/abstract/query_cache.rb:34:in `cache'
/home/vlad/.rvm/gems/ruby-1.8.7-p302@twitter/gems/activerecord-2.3.8/lib/active_record/query_cache.rb:9:in `cache'
/home/vlad/.rvm/gems/ruby-1.8.7-p302@twitter/gems/activerecord-2.3.8/lib/active_record/query_cache.rb:28:in `call'
/home/vlad/.rvm/gems/ruby-1.8.7-p302@twitter/gems/activerecord-2.3.8/lib/active_record/connection_adapters/abstract/connection_pool.rb:361:in `call'
/home/vlad/.rvm/gems/ruby-1.8.7-p302@twitter/gems/actionpack-2.3.8/lib/action_controller/string_coercion.rb:25:in `call'
/home/vlad/.rvm/gems/ruby-1.8.7-p302@twitter/gems/rack-1.1.0/lib/rack/head.rb:9:in `call'
/home/vlad/.rvm/gems/ruby-1.8.7-p302@twitter/gems/rack-1.1.0/lib/rack/methodoverride.rb:24:in `call'
/home/vlad/.rvm/gems/ruby-1.8.7-p302@twitter/gems/actionpack-2.3.8/lib/action_controller/params_parser.rb:15:in `call'
/home/vlad/.rvm/gems/ruby-1.8.7-p302@twitter/gems/actionpack-2.3.8/lib/action_controller/session/cookie_store.rb:99:in `call'
/home/vlad/.rvm/gems/ruby-1.8.7-p302@twitter/gems/actionpack-2.3.8/lib/action_controller/failsafe.rb:26:in `call'
/home/vlad/.rvm/gems/ruby-1.8.7-p302@twitter/gems/rack-1.1.0/lib/rack/lock.rb:11:in `call'
/home/vlad/.rvm/gems/ruby-1.8.7-p302@twitter/gems/rack-1.1.0/lib/rack/lock.rb:11:in `synchronize'
/home/vlad/.rvm/gems/ruby-1.8.7-p302@twitter/gems/rack-1.1.0/lib/rack/lock.rb:11:in `call'
/home/vlad/.rvm/gems/ruby-1.8.7-p302@twitter/gems/actionpack-2.3.8/lib/action_controller/dispatcher.rb:114:in `call'
/home/vlad/.rvm/gems/ruby-1.8.7-p302@twitter/gems/actionpack-2.3.8/lib/action_controller/reloader.rb:34:in `run'
/home/vlad/.rvm/gems/ruby-1.8.7-p302@twitter/gems/actionpack-2.3.8/lib/action_controller/dispatcher.rb:108:in `call'
/home/vlad/.rvm/gems/ruby-1.8.7-p302@twitter/gems/rails-2.3.8/lib/rails/rack/static.rb:31:in `call'
/home/vlad/.rvm/gems/ruby-1.8.7-p302@twitter/gems/rack-1.1.0/lib/rack/urlmap.rb:47:in `call'
/home/vlad/.rvm/gems/ruby-1.8.7-p302@twitter/gems/rack-1.1.0/lib/rack/urlmap.rb:41:in `each'
/home/vlad/.rvm/gems/ruby-1.8.7-p302@twitter/gems/rack-1.1.0/lib/rack/urlmap.rb:41:in `call'
/home/vlad/.rvm/gems/ruby-1.8.7-p302@twitter/gems/rails-2.3.8/lib/rails/rack/log_tailer.rb:17:in `call'
/home/vlad/.rvm/gems/ruby-1.8.7-p302@twitter/gems/rack-1.1.0/lib/rack/content_length.rb:13:in `call'
/home/vlad/.rvm/gems/ruby-1.8.7-p302@twitter/gems/rack-1.1.0/lib/rack/handler/webrick.rb:48:in `service'
/home/vlad/.rvm/rubies/ruby-1.8.7-p302/lib/ruby/1.8/webrick/httpserver.rb:104:in `service'
/home/vlad/.rvm/rubies/ruby-1.8.7-p302/lib/ruby/1.8/webrick/httpserver.rb:65:in `run'
/home/vlad/.rvm/rubies/ruby-1.8.7-p302/lib/ruby/1.8/webrick/server.rb:173:in `start_thread'
/home/vlad/.rvm/rubies/ruby-1.8.7-p302/lib/ruby/1.8/webrick/server.rb:162:in `start'
/home/vlad/.rvm/rubies/ruby-1.8.7-p302/lib/ruby/1.8/webrick/server.rb:162:in `start_thread'
/home/vlad/.rvm/rubies/ruby-1.8.7-p302/lib/ruby/1.8/webrick/server.rb:95:in `start'
/home/vlad/.rvm/rubies/ruby-1.8.7-p302/lib/ruby/1.8/webrick/server.rb:92:in `each'
/home/vlad/.rvm/rubies/ruby-1.8.7-p302/lib/ruby/1.8/webrick/server.rb:92:in `start'
/home/vlad/.rvm/rubies/ruby-1.8.7-p302/lib/ruby/1.8/webrick/server.rb:23:in `start'
/home/vlad/.rvm/rubies/ruby-1.8.7-p302/lib/ruby/1.8/webrick/server.rb:82:in `start'
/home/vlad/.rvm/gems/ruby-1.8.7-p302@twitter/gems/rack-1.1.0/lib/rack/handler/webrick.rb:14:in `run'
/home/vlad/.rvm/gems/ruby-1.8.7-p302@twitter/gems/rails-2.3.8/lib/commands/server.rb:111
/home/vlad/.rvm/rubies/ruby-1.8.7-p302/lib/ruby/site_ruby/1.8/rubygems/custom_require.rb:31:in `gem_original_require'
/home/vlad/.rvm/rubies/ruby-1.8.7-p302/lib/ruby/site_ruby/1.8/rubygems/custom_require.rb:31:in `require'
script/server:3

ActionView::TemplateError (compile error
/home/vlad/public_html/_odesk/twitter_topics/app/views/trendingtopic/index.html.erb:4: syntax error, unexpected '>'
/home/vlad/public_html/_odesk/twitter_topics/app/views/trendingtopic/index.html.erb:5: unterminated string meets end of file) on line #4 of app/views/trendingtopic/index.html.erb:
1: <ol>
2:   <% for name in @names %>
3:     <li>
4:       <b>Name:</b> <%= name[:name] %>; <b>Query:</b> <%= name[:query]<br/>
5:       <%#=debug @posts%>
6:       <ul>
7:         <% for post in @posts[name[:query]] %>

    app/views/trendingtopic/index.html.erb:5:in `compile!'
    /home/vlad/.rvm/rubies/ruby-1.8.7-p302/lib/ruby/1.8/webrick/httpserver.rb:104:in `service'
    /home/vlad/.rvm/rubies/ruby-1.8.7-p302/lib/ruby/1.8/webrick/httpserver.rb:65:in `run'
    /home/vlad/.rvm/rubies/ruby-1.8.7-p302/lib/ruby/1.8/webrick/server.rb:173:in `start_thread'
    /home/vlad/.rvm/rubies/ruby-1.8.7-p302/lib/ruby/1.8/webrick/server.rb:162:in `start'
    /home/vlad/.rvm/rubies/ruby-1.8.7-p302/lib/ruby/1.8/webrick/server.rb:162:in `start_thread'
    /home/vlad/.rvm/rubies/ruby-1.8.7-p302/lib/ruby/1.8/webrick/server.rb:95:in `start'
    /home/vlad/.rvm/rubies/ruby-1.8.7-p302/lib/ruby/1.8/webrick/server.rb:92:in `each'
    /home/vlad/.rvm/rubies/ruby-1.8.7-p302/lib/ruby/1.8/webrick/server.rb:92:in `start'
    /home/vlad/.rvm/rubies/ruby-1.8.7-p302/lib/ruby/1.8/webrick/server.rb:23:in `start'
    /home/vlad/.rvm/rubies/ruby-1.8.7-p302/lib/ruby/1.8/webrick/server.rb:82:in `start'

Rendered rescues/_trace (40.4ms)
Rendered rescues/_request_and_response (0.3ms)
Rendering rescues/layout (internal_server_error)
  [4;36;1mSQL (0.1ms)[0m   [0;1mSET SQL_AUTO_IS_NULL=0[0m


Processing TrendingtopicController#index (for 127.0.0.1 at 2010-11-05 19:06:15) [GET]
Rendering template within layouts/application
Rendering trendingtopic/index

ActionView::TemplateError (can't convert String into Integer) on line #7 of app/views/trendingtopic/index.html.erb:
4:       <b>Name:</b> <%= name[:name] %>; <b>Query:</b> <%= name[:query] %><br/>
5:       <%#=debug @posts%>
6:       <ul>
7:         <% for post in @posts[name[:query]] %>
8:         <li><%= post.text %></li>
9:         <% end %>
10:       </ul>

    app/views/trendingtopic/index.html.erb:7:in `[]'
    app/views/trendingtopic/index.html.erb:7
    app/views/trendingtopic/index.html.erb:2:in `each'
    app/views/trendingtopic/index.html.erb:2
    /home/vlad/.rvm/rubies/ruby-1.8.7-p302/lib/ruby/1.8/webrick/httpserver.rb:104:in `service'
    /home/vlad/.rvm/rubies/ruby-1.8.7-p302/lib/ruby/1.8/webrick/httpserver.rb:65:in `run'
    /home/vlad/.rvm/rubies/ruby-1.8.7-p302/lib/ruby/1.8/webrick/server.rb:173:in `start_thread'
    /home/vlad/.rvm/rubies/ruby-1.8.7-p302/lib/ruby/1.8/webrick/server.rb:162:in `start'
    /home/vlad/.rvm/rubies/ruby-1.8.7-p302/lib/ruby/1.8/webrick/server.rb:162:in `start_thread'
    /home/vlad/.rvm/rubies/ruby-1.8.7-p302/lib/ruby/1.8/webrick/server.rb:95:in `start'
    /home/vlad/.rvm/rubies/ruby-1.8.7-p302/lib/ruby/1.8/webrick/server.rb:92:in `each'
    /home/vlad/.rvm/rubies/ruby-1.8.7-p302/lib/ruby/1.8/webrick/server.rb:92:in `start'
    /home/vlad/.rvm/rubies/ruby-1.8.7-p302/lib/ruby/1.8/webrick/server.rb:23:in `start'
    /home/vlad/.rvm/rubies/ruby-1.8.7-p302/lib/ruby/1.8/webrick/server.rb:82:in `start'

Rendered rescues/_trace (107.9ms)
Rendered rescues/_request_and_response (0.3ms)
Rendering rescues/layout (internal_server_error)
  [4;35;1mSQL (0.1ms)[0m   [0mSET SQL_AUTO_IS_NULL=0[0m


Processing TrendingtopicController#index (for 127.0.0.1 at 2010-11-05 19:17:37) [GET]
Rendering template within layouts/application
Rendering trendingtopic/index

ActionView::TemplateError (can't convert String into Integer) on line #5 of app/views/trendingtopic/index.html.erb:
2:   <% for name in @names %>
3:     <li>
4:       <b>Name:</b> <%= name[:name] %>; <b>Query:</b> <%= name[:query] %><br/>
5:       <%=debug @posts[name[:query]]%>
6:       <ul>
7:         <% #for post in @posts[name[:query]] %>
8:         <li><%#= post.text %></li>

    app/views/trendingtopic/index.html.erb:5:in `[]'
    app/views/trendingtopic/index.html.erb:5
    app/views/trendingtopic/index.html.erb:2:in `each'
    app/views/trendingtopic/index.html.erb:2
    /home/vlad/.rvm/rubies/ruby-1.8.7-p302/lib/ruby/1.8/webrick/httpserver.rb:104:in `service'
    /home/vlad/.rvm/rubies/ruby-1.8.7-p302/lib/ruby/1.8/webrick/httpserver.rb:65:in `run'
    /home/vlad/.rvm/rubies/ruby-1.8.7-p302/lib/ruby/1.8/webrick/server.rb:173:in `start_thread'
    /home/vlad/.rvm/rubies/ruby-1.8.7-p302/lib/ruby/1.8/webrick/server.rb:162:in `start'
    /home/vlad/.rvm/rubies/ruby-1.8.7-p302/lib/ruby/1.8/webrick/server.rb:162:in `start_thread'
    /home/vlad/.rvm/rubies/ruby-1.8.7-p302/lib/ruby/1.8/webrick/server.rb:95:in `start'
    /home/vlad/.rvm/rubies/ruby-1.8.7-p302/lib/ruby/1.8/webrick/server.rb:92:in `each'
    /home/vlad/.rvm/rubies/ruby-1.8.7-p302/lib/ruby/1.8/webrick/server.rb:92:in `start'
    /home/vlad/.rvm/rubies/ruby-1.8.7-p302/lib/ruby/1.8/webrick/server.rb:23:in `start'
    /home/vlad/.rvm/rubies/ruby-1.8.7-p302/lib/ruby/1.8/webrick/server.rb:82:in `start'

Rendered rescues/_trace (41.5ms)
Rendered rescues/_request_and_response (0.3ms)
Rendering rescues/layout (internal_server_error)
  [4;36;1mSQL (0.1ms)[0m   [0;1mSET SQL_AUTO_IS_NULL=0[0m


Processing TrendingtopicController#index (for 127.0.0.1 at 2010-11-05 19:18:27) [GET]
Rendering template within layouts/application
Rendering trendingtopic/index

ActionView::TemplateError (can't convert String into Integer) on line #5 of app/views/trendingtopic/index.html.erb:
2:   <% for name in @names %>
3:     <li>
4:       <b>Name:</b> <%= name[:name] %>; <b>Query:</b> <%= name[:query] %><br/>
5:       <%=debug @posts[name[:query]]%>
6:       <ul>
7:         <% #for post in @posts[name[:query]] %>
8:         <li><%#= post.text %></li>

    app/views/trendingtopic/index.html.erb:5:in `[]'
    app/views/trendingtopic/index.html.erb:5
    app/views/trendingtopic/index.html.erb:2:in `each'
    app/views/trendingtopic/index.html.erb:2
    /home/vlad/.rvm/rubies/ruby-1.8.7-p302/lib/ruby/1.8/webrick/httpserver.rb:104:in `service'
    /home/vlad/.rvm/rubies/ruby-1.8.7-p302/lib/ruby/1.8/webrick/httpserver.rb:65:in `run'
    /home/vlad/.rvm/rubies/ruby-1.8.7-p302/lib/ruby/1.8/webrick/server.rb:173:in `start_thread'
    /home/vlad/.rvm/rubies/ruby-1.8.7-p302/lib/ruby/1.8/webrick/server.rb:162:in `start'
    /home/vlad/.rvm/rubies/ruby-1.8.7-p302/lib/ruby/1.8/webrick/server.rb:162:in `start_thread'
    /home/vlad/.rvm/rubies/ruby-1.8.7-p302/lib/ruby/1.8/webrick/server.rb:95:in `start'
    /home/vlad/.rvm/rubies/ruby-1.8.7-p302/lib/ruby/1.8/webrick/server.rb:92:in `each'
    /home/vlad/.rvm/rubies/ruby-1.8.7-p302/lib/ruby/1.8/webrick/server.rb:92:in `start'
    /home/vlad/.rvm/rubies/ruby-1.8.7-p302/lib/ruby/1.8/webrick/server.rb:23:in `start'
    /home/vlad/.rvm/rubies/ruby-1.8.7-p302/lib/ruby/1.8/webrick/server.rb:82:in `start'

Rendered rescues/_trace (106.5ms)
Rendered rescues/_request_and_response (0.2ms)
Rendering rescues/layout (internal_server_error)
  [4;35;1mSQL (0.1ms)[0m   [0mSET SQL_AUTO_IS_NULL=0[0m


Processing TrendingtopicController#index (for 127.0.0.1 at 2010-11-05 19:20:32) [GET]
Rendering template within layouts/application
Rendering trendingtopic/index

ActionView::TemplateError (Symbol as array index) on line #5 of app/views/trendingtopic/index.html.erb:
2:   <% for name in @names %>
3:     <li>
4:       <b>Name:</b> <%= name[:name] %>; <b>Query:</b> <%= name[:query] %><br/>
5:       <%=debug @posts[name[:query].to_sym]%>
6:       <ul>
7:         <% #for post in @posts[name[:query]] %>
8:         <li><%#= post.text %></li>

    app/views/trendingtopic/index.html.erb:5:in `[]'
    app/views/trendingtopic/index.html.erb:5
    app/views/trendingtopic/index.html.erb:2:in `each'
    app/views/trendingtopic/index.html.erb:2
    /home/vlad/.rvm/rubies/ruby-1.8.7-p302/lib/ruby/1.8/webrick/httpserver.rb:104:in `service'
    /home/vlad/.rvm/rubies/ruby-1.8.7-p302/lib/ruby/1.8/webrick/httpserver.rb:65:in `run'
    /home/vlad/.rvm/rubies/ruby-1.8.7-p302/lib/ruby/1.8/webrick/server.rb:173:in `start_thread'
    /home/vlad/.rvm/rubies/ruby-1.8.7-p302/lib/ruby/1.8/webrick/server.rb:162:in `start'
    /home/vlad/.rvm/rubies/ruby-1.8.7-p302/lib/ruby/1.8/webrick/server.rb:162:in `start_thread'
    /home/vlad/.rvm/rubies/ruby-1.8.7-p302/lib/ruby/1.8/webrick/server.rb:95:in `start'
    /home/vlad/.rvm/rubies/ruby-1.8.7-p302/lib/ruby/1.8/webrick/server.rb:92:in `each'
    /home/vlad/.rvm/rubies/ruby-1.8.7-p302/lib/ruby/1.8/webrick/server.rb:92:in `start'
    /home/vlad/.rvm/rubies/ruby-1.8.7-p302/lib/ruby/1.8/webrick/server.rb:23:in `start'
    /home/vlad/.rvm/rubies/ruby-1.8.7-p302/lib/ruby/1.8/webrick/server.rb:82:in `start'

Rendered rescues/_trace (41.9ms)
Rendered rescues/_request_and_response (0.3ms)
Rendering rescues/layout (internal_server_error)
  [4;36;1mSQL (0.1ms)[0m   [0;1mSET SQL_AUTO_IS_NULL=0[0m


Processing TrendingtopicController#index (for 127.0.0.1 at 2010-11-05 19:21:04) [GET]
Rendering template within layouts/application
Rendering trendingtopic/index
Completed in 7557ms (View: 6, DB: 0) | 200 OK [http://main.localhost/]
  [4;35;1mSQL (0.1ms)[0m   [0mSET SQL_AUTO_IS_NULL=0[0m


Processing TrendingtopicController#index (for 127.0.0.1 at 2010-11-05 19:21:38) [GET]
Rendering template within layouts/application
Rendering trendingtopic/index
Completed in 16704ms (View: 2, DB: 0) | 200 OK [http://main.localhost/]
  [4;36;1mSQL (0.1ms)[0m   [0;1mSET SQL_AUTO_IS_NULL=0[0m


Processing TrendingtopicController#index (for 127.0.0.1 at 2010-11-05 19:22:31) [GET]
Rendering template within layouts/application
Rendering trendingtopic/index
Completed in 7543ms (View: 5, DB: 0) | 200 OK [http://main.localhost/]
  [4;35;1mSQL (0.1ms)[0m   [0mSET SQL_AUTO_IS_NULL=0[0m


Processing TrendingtopicController#index (for 127.0.0.1 at 2010-11-05 19:24:37) [GET]
Rendering template within layouts/application
Rendering trendingtopic/index
Completed in 8252ms (View: 5, DB: 0) | 200 OK [http://main.localhost/]
  [4;36;1mSQL (0.1ms)[0m   [0;1mSET SQL_AUTO_IS_NULL=0[0m


Processing TrendingtopicController#index (for 127.0.0.1 at 2010-11-05 19:26:30) [GET]
Rendering template within layouts/application
Rendering trendingtopic/index
Completed in 9094ms (View: 5, DB: 0) | 200 OK [http://main.localhost/]
  [4;35;1mSQL (0.1ms)[0m   [0mSET SQL_AUTO_IS_NULL=0[0m


Processing TrendingtopicController#index (for 127.0.0.1 at 2010-11-05 19:29:57) [GET]
Rendering template within layouts/application
Rendering trendingtopic/index
Completed in 7857ms (View: 2, DB: 0) | 200 OK [http://main.localhost/]
  [4;36;1mSQL (0.2ms)[0m   [0;1mSET SQL_AUTO_IS_NULL=0[0m


Processing TrendingtopicController#index (for 127.0.0.1 at 2010-11-05 19:32:01) [GET]

NoMethodError (undefined method `title' for #<TrendingtopicController:0x7f422cfe59a0>):
  app/controllers/trendingtopic_controller.rb:4:in `index'
  /home/vlad/.rvm/rubies/ruby-1.8.7-p302/lib/ruby/1.8/webrick/httpserver.rb:104:in `service'
  /home/vlad/.rvm/rubies/ruby-1.8.7-p302/lib/ruby/1.8/webrick/httpserver.rb:65:in `run'
  /home/vlad/.rvm/rubies/ruby-1.8.7-p302/lib/ruby/1.8/webrick/server.rb:173:in `start_thread'
  /home/vlad/.rvm/rubies/ruby-1.8.7-p302/lib/ruby/1.8/webrick/server.rb:162:in `start'
  /home/vlad/.rvm/rubies/ruby-1.8.7-p302/lib/ruby/1.8/webrick/server.rb:162:in `start_thread'
  /home/vlad/.rvm/rubies/ruby-1.8.7-p302/lib/ruby/1.8/webrick/server.rb:95:in `start'
  /home/vlad/.rvm/rubies/ruby-1.8.7-p302/lib/ruby/1.8/webrick/server.rb:92:in `each'
  /home/vlad/.rvm/rubies/ruby-1.8.7-p302/lib/ruby/1.8/webrick/server.rb:92:in `start'
  /home/vlad/.rvm/rubies/ruby-1.8.7-p302/lib/ruby/1.8/webrick/server.rb:23:in `start'
  /home/vlad/.rvm/rubies/ruby-1.8.7-p302/lib/ruby/1.8/webrick/server.rb:82:in `start'

Rendered rescues/_trace (34.4ms)
Rendered rescues/_request_and_response (0.2ms)
Rendering rescues/layout (internal_server_error)
  [4;35;1mSQL (0.2ms)[0m   [0mSET SQL_AUTO_IS_NULL=0[0m


Processing TrendingtopicController#index (for 127.0.0.1 at 2010-11-05 19:34:29) [GET]
Rendering template within layouts/application
Rendering trendingtopic/index
Completed in 8410ms (View: 6, DB: 0) | 200 OK [http://main.localhost/]
